#
# A fatal error has been detected by the Java Runtime Environment:
#
#  SIGSEGV (0xb) at pc=0x00007fff6cef5a1d, pid=17407, tid=0x0000000000011203
#
# JRE version: Java(TM) SE Runtime Environment (8.0_181-b13) (build 1.8.0_181-b13)
# Java VM: Java HotSpot(TM) 64-Bit Server VM (25.181-b13 mixed mode bsd-amd64 compressed oops)
# Problematic frame:
# C  [libobjc.A.dylib+0x7a1d]  objc_msgSend+0x1d
#
# Failed to write core dump. Core dumps have been disabled. To enable core dumping, try "ulimit -c unlimited" before starting Java again
#
# If you would like to submit a bug report, please visit:
#   http://bugreport.java.com/bugreport/crash.jsp
#

---------------  T H R E A D  ---------------

Current thread is native thread

siginfo: si_signo: 11 (SIGSEGV), si_code: 1 (SEGV_MAPERR), si_addr: 0x000007ff141ac478

Registers:
RAX=0x00000000997ffc01, RBX=0x00007fff6cef5a00, RCX=0x000070000886fbef, RDX=0x00007fff99936900
RSP=0x000070000886fc08, RBP=0x000070000886fc50, RSI=0x00007fff3ef31076, RDI=0x00007ff141f448a0
R8 =0x00000000000003ff, R9 =0x00007ff13f61e5d0, R10=0x000007ff141ac460, R11=0x00007fff3ef31076
R12=0x0000000000000000, R13=0x00007ff141f448a0, R14=0x000070000886fc21, R15=0x000070000886fc20
RIP=0x00007fff6cef5a1d, EFLAGS=0x0000000000010206, ERR=0x0000000000000004
  TRAPNO=0x000000000000000e

Top of Stack: (sp=0x000070000886fc08)
0x000070000886fc08:   00007fff57c9ea02 0000000000000000
0x000070000886fc18:   0000000000000000 0000010000000101
0x000070000886fc28:   000070000886fc90 0000000000000000
0x000070000886fc38:   00007ff141f44b40 00007ff141f44b80
0x000070000886fc48:   0000000000000000 000070000886fc60
0x000070000886fc58:   00007fff40e563f2 000070000886fc80
0x000070000886fc68:   00007fff40e5636c 0000000000000000
0x000070000886fc78:   0000000000000000 000070000886fcf0
0x000070000886fc88:   00007fff40e5628d 00007fffa0dd7070
0x000070000886fc98:   00000000c2000000 00007fff40e5632d
0x000070000886fca8:   00007fff99805c78 00007ff141f44b40
0x000070000886fcb8:   00007ff143674490 0000000000000000
0x000070000886fcc8:   000070000886fd07 00007ff141f44b40
0x000070000886fcd8:   0000000000000000 0000700008870530
0x000070000886fce8:   0000000000000000 000070000886fd30
0x000070000886fcf8:   00007fff40e5e6d9 0000700008870300
0x000070000886fd08:   0000000000000000 00007fff6cef5a00
0x000070000886fd18:   0000000000000000 0000700008870530
0x000070000886fd28:   00007fff3ef30f1e 0000700008870450
0x000070000886fd38:   00007fff40dc5e8a 0000000000000000
0x000070000886fd48:   0000000000000000 00007ff13f61fa40
0x000070000886fd58:   00007fff997ffc01 0000000000000000
0x000070000886fd68:   00007fff997ffc30 00007fff99846698
0x000070000886fd78:   00007fff998466b8 00007fff99807d40
0x000070000886fd88:   0000000000000000 0000000000000000
0x000070000886fd98:   00007ff141f44bb0 0000000000000000
0x000070000886fda8:   0000000000000000 0000700008870300
0x000070000886fdb8:   0000000000000001 0000000000000100
0x000070000886fdc8:   0000000000000000 0000700008870200
0x000070000886fdd8:   0000000000000000 0000000000000100
0x000070000886fde8:   0000000000000000 0000000000000000
0x000070000886fdf8:   00007ff1410e5048 0000000000000000 

Instructions: (pc=0x00007fff6cef5a1d)
0x00007fff6cef59fd:   0f 1f 00 48 85 ff 2e 74 62 40 f6 c7 01 2e 75 66
0x00007fff6cef5a0d:   49 ba f8 ff ff ff ff 7f 00 00 4c 23 17 49 89 f3
0x00007fff6cef5a1d:   45 23 5a 18 49 c1 e3 04 4d 03 5a 10 49 3b 33 75
0x00007fff6cef5a2d:   04 41 ff 63 08 49 83 3b 01 76 0d 49 83 c3 10 49 

Register to memory mapping:

RAX=0x00000000997ffc01 is an unknown value
RBX=0x00007fff6cef5a00: objc_msgSend+0 in /usr/lib/libobjc.A.dylib at 0x00007fff6ceee000
RCX=0x000070000886fbef is an unknown value
RDX=0x00007fff99936900: OBJC_CLASS_$___NSCFBoolean+0 in /System/Library/Frameworks/CoreFoundation.framework/Versions/A/CoreFoundation at 0x00007fff40db7000
RSP=0x000070000886fc08 is an unknown value
RBP=0x000070000886fc50 is an unknown value
RSI=0x00007fff3ef31076: GCC_except_table7+0x51a in /System/Library/Frameworks/AppKit.framework/Versions/C/AppKit at 0x00007fff3e32c000
RDI=0x00007ff141f448a0 is an unknown value
R8 =0x00000000000003ff is an unknown value
R9 =0x00007ff13f61e5d0 is an unknown value
R10=0x000007ff141ac460 is an unknown value
R11=0x00007fff3ef31076: GCC_except_table7+0x51a in /System/Library/Frameworks/AppKit.framework/Versions/C/AppKit at 0x00007fff3e32c000
R12=0x0000000000000000 is an unknown value
R13=0x00007ff141f448a0 is an unknown value
R14=0x000070000886fc21 is an unknown value
R15=0x000070000886fc20 is an unknown value


Stack: [0x00007000087f1000,0x0000700008871000],  sp=0x000070000886fc08,  free space=507k
Native frames: (J=compiled Java code, j=interpreted, Vv=VM code, C=native code)
C  [libobjc.A.dylib+0x7a1d]  objc_msgSend+0x1d
C  [CoreFoundation+0x9f3f2]  __CFNOTIFICATIONCENTER_IS_CALLING_OUT_TO_AN_OBSERVER__+0xc
C  [CoreFoundation+0x9f36c]  ___CFXRegistrationPost_block_invoke+0x3f
C  [CoreFoundation+0x9f28d]  _CFXRegistrationPost+0x18e
C  [CoreFoundation+0xa76d9]  ___CFXNotificationPost_block_invoke+0x57
C  [CoreFoundation+0xee8a]  -[_CFXNotificationRegistrar find:object:observer:enumerator:]+0x661
C  [CoreFoundation+0xe24d]  _CFXNotificationPost+0x2e6
C  [Foundation+0x1198b]  -[NSNotificationCenter postNotificationName:object:userInfo:]+0x42
C  [CloudDocs+0x610b2]  -[BRContainerCache invalidateAndClearCache:]+0x205
C  [CloudDocs+0x5fb44]  __35-[BRContainerCache initWithHelper:]_block_invoke+0xa6
C  [CloudDocs+0x17406]  fire+0x53
C  [CloudDocs+0x17384]  ___br_pacer_create_source_block_invoke+0xa3
C  [libdispatch.dylib+0xf5c8]  _dispatch_block_async_invoke2+0x53
C  [libdispatch.dylib+0x3dcf]  _dispatch_client_callout+0x8
C  [libdispatch.dylib+0x65dc]  _dispatch_continuation_pop+0x1ab
C  [libdispatch.dylib+0x158ed]  _dispatch_source_invoke+0x7dd
C  [libdispatch.dylib+0x9fc9]  _dispatch_lane_serial_drain+0x10f
C  [libdispatch.dylib+0xac0c]  _dispatch_lane_invoke+0x1b4
C  [libdispatch.dylib+0x13090]  _dispatch_workloop_worker_thread+0x25b
C  [libsystem_pthread.dylib+0x263c]  _pthread_wqthread+0x199
C  [libsystem_pthread.dylib+0x2435]  start_wqthread+0xd


---------------  P R O C E S S  ---------------

VM state:not at safepoint (normal execution)

VM Mutex/Monitor currently owned by a thread: None

Heap:
 PSYoungGen      total 18944K, used 8343K [0x00000007aab00000, 0x00000007ac000000, 0x00000007c0000000)
  eden space 16384K, 35% used [0x00000007aab00000,0x00000007ab0a5e68,0x00000007abb00000)
  from space 2560K, 100% used [0x00000007abb00000,0x00000007abd80000,0x00000007abd80000)
  to   space 2560K, 0% used [0x00000007abd80000,0x00000007abd80000,0x00000007ac000000)
 ParOldGen       total 44032K, used 9139K [0x0000000780000000, 0x0000000782b00000, 0x00000007aab00000)
  object space 44032K, 20% used [0x0000000780000000,0x00000007808ecd68,0x0000000782b00000)
 Metaspace       used 19635K, capacity 20858K, committed 21120K, reserved 1067008K
  class space    used 2886K, capacity 3098K, committed 3200K, reserved 1048576K

Card table byte_map: [0x000000010eb74000,0x000000010ed75000] byte_map_base: 0x000000010af74000

Marking Bits: (ParMarkBitMap*) 0x000000010e0f9cd0
 Begin Bits: [0x000000011dfc6000, 0x000000011efc6000)
 End Bits:   [0x000000011efc6000, 0x000000011ffc6000)

Polling page: 0x000000010ce4a000

CodeCache: size=245760Kb used=8556Kb max_used=8576Kb free=237203Kb
 bounds [0x000000010efc6000, 0x000000010f836000, 0x000000011dfc6000]
 total_blobs=3360 nmethods=2693 adapters=580
 compilation: enabled

Compilation events (10 events):
Event: 13.674 Thread 0x00007ff140816800 2702       3       com.sun.javafx.geom.transform.AffineBase::translate (548 bytes)
Event: 13.676 Thread 0x00007ff140816800 nmethod 2702 0x000000010f822410 code [0x000000010f8225c0, 0x000000010f8231a8]
Event: 13.676 Thread 0x00007ff140816800 2703       3       java.util.ArrayList$ListItr::<init> (16 bytes)
Event: 13.677 Thread 0x00007ff140816800 nmethod 2703 0x000000010f823310 code [0x000000010f823480, 0x000000010f8236d0]
Event: 13.678 Thread 0x00007ff140814000 nmethod 2607 0x000000010f826750 code [0x000000010f8268e0, 0x000000010f826bf8]
Event: 13.678 Thread 0x00007ff140814000 2696       4       com.sun.javafx.text.TextRun::getPosX (132 bytes)
Event: 13.681 Thread 0x00007ff140816000 nmethod 2616 0x000000010f824710 code [0x000000010f824880, 0x000000010f824c38]
Event: 13.681 Thread 0x00007ff140816000 2698       4       java.util.AbstractList$Itr::hasNext (20 bytes)
Event: 13.682 Thread 0x00007ff140816000 nmethod 2698 0x000000010f8272d0 code [0x000000010f827420, 0x000000010f8274b8]
Event: 13.682 Thread 0x00007ff140814000 nmethod 2696 0x000000010f824310 code [0x000000010f824460, 0x000000010f8245b8]

GC Heap History (6 events):
Event: 1.886 GC heap before
{Heap before GC invocations=1 (full 0):
 PSYoungGen      total 18944K, used 16384K [0x00000007aab00000, 0x00000007ac000000, 0x00000007c0000000)
  eden space 16384K, 100% used [0x00000007aab00000,0x00000007abb00000,0x00000007abb00000)
  from space 2560K, 0% used [0x00000007abd80000,0x00000007abd80000,0x00000007ac000000)
  to   space 2560K, 0% used [0x00000007abb00000,0x00000007abb00000,0x00000007abd80000)
 ParOldGen       total 44032K, used 0K [0x0000000780000000, 0x0000000782b00000, 0x00000007aab00000)
  object space 44032K, 0% used [0x0000000780000000,0x0000000780000000,0x0000000782b00000)
 Metaspace       used 8918K, capacity 9524K, committed 9600K, reserved 1056768K
  class space    used 1209K, capacity 1337K, committed 1408K, reserved 1048576K
Event: 1.891 GC heap after
Heap after GC invocations=1 (full 0):
 PSYoungGen      total 18944K, used 2528K [0x00000007aab00000, 0x00000007ac000000, 0x00000007c0000000)
  eden space 16384K, 0% used [0x00000007aab00000,0x00000007aab00000,0x00000007abb00000)
  from space 2560K, 98% used [0x00000007abb00000,0x00000007abd78040,0x00000007abd80000)
  to   space 2560K, 0% used [0x00000007abd80000,0x00000007abd80000,0x00000007ac000000)
 ParOldGen       total 44032K, used 134K [0x0000000780000000, 0x0000000782b00000, 0x00000007aab00000)
  object space 44032K, 0% used [0x0000000780000000,0x0000000780021958,0x0000000782b00000)
 Metaspace       used 8918K, capacity 9524K, committed 9600K, reserved 1056768K
  class space    used 1209K, capacity 1337K, committed 1408K, reserved 1048576K
}
Event: 2.925 GC heap before
{Heap before GC invocations=2 (full 0):
 PSYoungGen      total 18944K, used 18912K [0x00000007aab00000, 0x00000007ac000000, 0x00000007c0000000)
  eden space 16384K, 100% used [0x00000007aab00000,0x00000007abb00000,0x00000007abb00000)
  from space 2560K, 98% used [0x00000007abb00000,0x00000007abd78040,0x00000007abd80000)
  to   space 2560K, 0% used [0x00000007abd80000,0x00000007abd80000,0x00000007ac000000)
 ParOldGen       total 44032K, used 134K [0x0000000780000000, 0x0000000782b00000, 0x00000007aab00000)
  object space 44032K, 0% used [0x0000000780000000,0x0000000780021958,0x0000000782b00000)
 Metaspace       used 14196K, capacity 15092K, committed 15232K, reserved 1062912K
  class space    used 2220K, capacity 2421K, committed 2432K, reserved 1048576K
Event: 2.946 GC heap after
Heap after GC invocations=2 (full 0):
 PSYoungGen      total 18944K, used 2560K [0x00000007aab00000, 0x00000007ad000000, 0x00000007c0000000)
  eden space 16384K, 0% used [0x00000007aab00000,0x00000007aab00000,0x00000007abb00000)
  from space 2560K, 100% used [0x00000007abd80000,0x00000007ac000000,0x00000007ac000000)
  to   space 2560K, 0% used [0x00000007abb00000,0x00000007abb00000,0x00000007abd80000)
 ParOldGen       total 44032K, used 2172K [0x0000000780000000, 0x0000000782b00000, 0x00000007aab00000)
  object space 44032K, 4% used [0x0000000780000000,0x000000078021f268,0x0000000782b00000)
 Metaspace       used 14196K, capacity 15092K, committed 15232K, reserved 1062912K
  class space    used 2220K, capacity 2421K, committed 2432K, reserved 1048576K
}
Event: 10.976 GC heap before
{Heap before GC invocations=3 (full 0):
 PSYoungGen      total 18944K, used 18944K [0x00000007aab00000, 0x00000007ad000000, 0x00000007c0000000)
  eden space 16384K, 100% used [0x00000007aab00000,0x00000007abb00000,0x00000007abb00000)
  from space 2560K, 100% used [0x00000007abd80000,0x00000007ac000000,0x00000007ac000000)
  to   space 2560K, 0% used [0x00000007abb00000,0x00000007abb00000,0x00000007abd80000)
 ParOldGen       total 44032K, used 2172K [0x0000000780000000, 0x0000000782b00000, 0x00000007aab00000)
  object space 44032K, 4% used [0x0000000780000000,0x000000078021f268,0x0000000782b00000)
 Metaspace       used 18529K, capacity 19658K, committed 19968K, reserved 1067008K
  class space    used 2782K, capacity 3000K, committed 3072K, reserved 1048576K
Event: 10.995 GC heap after
Heap after GC invocations=3 (full 0):
 PSYoungGen      total 18944K, used 2560K [0x00000007aab00000, 0x00000007ac000000, 0x00000007c0000000)
  eden space 16384K, 0% used [0x00000007aab00000,0x00000007aab00000,0x00000007abb00000)
  from space 2560K, 100% used [0x00000007abb00000,0x00000007abd80000,0x00000007abd80000)
  to   space 2560K, 0% used [0x00000007abd80000,0x00000007abd80000,0x00000007ac000000)
 ParOldGen       total 44032K, used 9139K [0x0000000780000000, 0x0000000782b00000, 0x00000007aab00000)
  object space 44032K, 20% used [0x0000000780000000,0x00000007808ecd68,0x0000000782b00000)
 Metaspace       used 18529K, capacity 19658K, committed 19968K, reserved 1067008K
  class space    used 2782K, capacity 3000K, committed 3072K, reserved 1048576K
}

Deoptimization events (10 events):
Event: 13.601 Thread 0x00007ff140901800 Uncommon trap: reason=speculate_class_check action=maybe_recompile pc=0x000000010f776e80 method=javafx.scene.Parent.layout()V @ 55
Event: 13.613 Thread 0x00007ff140901800 Uncommon trap: reason=speculate_class_check action=maybe_recompile pc=0x000000010f776e80 method=javafx.scene.Parent.layout()V @ 55
Event: 13.613 Thread 0x00007ff140901800 Uncommon trap: reason=speculate_class_check action=maybe_recompile pc=0x000000010f776e80 method=javafx.scene.Parent.layout()V @ 55
Event: 13.624 Thread 0x00007ff140901800 Uncommon trap: reason=speculate_class_check action=maybe_recompile pc=0x000000010f776e80 method=javafx.scene.Parent.layout()V @ 55
Event: 13.633 Thread 0x00007ff140901800 Uncommon trap: reason=speculate_class_check action=maybe_recompile pc=0x000000010f776e80 method=javafx.scene.Parent.layout()V @ 55
Event: 13.635 Thread 0x00007ff140901800 Uncommon trap: reason=unstable_if action=reinterpret pc=0x000000010f68162c method=javafx.scene.Node.updateLocalToParentTransform()V @ 152
Event: 13.635 Thread 0x00007ff140901800 Uncommon trap: reason=bimorphic action=maybe_recompile pc=0x000000010f70e800 method=javafx.scene.Node.getGeomBounds(Lcom/sun/javafx/geom/BaseBounds;Lcom/sun/javafx/geom/transform/BaseTransform;)Lcom/sun/javafx/geom/BaseBounds; @ 1
Event: 13.636 Thread 0x00007ff140901800 Uncommon trap: reason=bimorphic action=maybe_recompile pc=0x000000010f70e800 method=javafx.scene.Node.getGeomBounds(Lcom/sun/javafx/geom/BaseBounds;Lcom/sun/javafx/geom/transform/BaseTransform;)Lcom/sun/javafx/geom/BaseBounds; @ 1
Event: 13.636 Thread 0x00007ff140901800 Uncommon trap: reason=bimorphic action=maybe_recompile pc=0x000000010f70e800 method=javafx.scene.Node.getGeomBounds(Lcom/sun/javafx/geom/BaseBounds;Lcom/sun/javafx/geom/transform/BaseTransform;)Lcom/sun/javafx/geom/BaseBounds; @ 1
Event: 13.636 Thread 0x00007ff140901800 Uncommon trap: reason=bimorphic action=maybe_recompile pc=0x000000010f70e800 method=javafx.scene.Node.getGeomBounds(Lcom/sun/javafx/geom/BaseBounds;Lcom/sun/javafx/geom/transform/BaseTransform;)Lcom/sun/javafx/geom/BaseBounds; @ 1

Classes redefined (0 events):
No events

Internal exceptions (10 events):
Event: 0.220 Thread 0x00007ff140000800 Exception <a 'java/lang/NoSuchFieldError': method resolution failed> (0x00000007aace9c38) thrown at [/Users/java_re/workspace/8-2-build-macosx-x86_64/jdk8u181/11358/hotspot/src/share/vm/prims/methodHandles.cpp, line 1167]
Event: 0.253 Thread 0x00007ff140000800 Exception <a 'java/security/PrivilegedActionException'> (0x00000007aad77680) thrown at [/Users/java_re/workspace/8-2-build-macosx-x86_64/jdk8u181/11358/hotspot/src/share/vm/prims/jvm.cpp, line 1435]
Event: 0.253 Thread 0x00007ff140000800 Exception <a 'java/security/PrivilegedActionException'> (0x00000007aad77890) thrown at [/Users/java_re/workspace/8-2-build-macosx-x86_64/jdk8u181/11358/hotspot/src/share/vm/prims/jvm.cpp, line 1435]
Event: 0.254 Thread 0x00007ff140000800 Exception <a 'java/security/PrivilegedActionException'> (0x00000007aad7abc0) thrown at [/Users/java_re/workspace/8-2-build-macosx-x86_64/jdk8u181/11358/hotspot/src/share/vm/prims/jvm.cpp, line 1435]
Event: 0.254 Thread 0x00007ff140000800 Exception <a 'java/security/PrivilegedActionException'> (0x00000007aad7add0) thrown at [/Users/java_re/workspace/8-2-build-macosx-x86_64/jdk8u181/11358/hotspot/src/share/vm/prims/jvm.cpp, line 1435]
Event: 0.254 Thread 0x00007ff140000800 Exception <a 'java/lang/NullPointerException'> (0x00000007aad7b5c0) thrown at [/Users/java_re/workspace/8-2-build-macosx-x86_64/jdk8u181/11358/hotspot/src/share/vm/interpreter/linkResolver.cpp, line 1185]
Event: 1.060 Thread 0x00007ff140901800 Exception <a 'java/lang/NullPointerException'> (0x00000007ab5b4ee8) thrown at [/Users/java_re/workspace/8-2-build-macosx-x86_64/jdk8u181/11358/hotspot/src/share/vm/interpreter/linkResolver.cpp, line 1185]
Event: 1.060 Thread 0x00007ff140901800 Exception <a 'java/lang/NullPointerException'> (0x00000007ab5b4ee8) thrown at [/Users/java_re/workspace/8-2-build-macosx-x86_64/jdk8u181/11358/hotspot/src/share/vm/prims/jvm.cpp, line 1439]
Event: 2.169 Thread 0x00007ff140901800 Implicit null exception at 0x000000010f22b635 to 0x000000010f22b831
Event: 2.876 Thread 0x00007ff140901800 Implicit null exception at 0x000000010f34469d to 0x000000010f344be5

Events (10 events):
Event: 13.660 loading class com/sun/prism/impl/ps/CachingShapeRepState$CacheEntry
Event: 13.660 loading class com/sun/prism/impl/ps/CachingShapeRepState$CacheEntry done
Event: 13.660 loading class com/sun/prism/impl/ps/CachingShapeRepState$CacheEntry
Event: 13.660 loading class com/sun/prism/impl/ps/CachingShapeRepState$CacheEntry done
Event: 13.660 loading class com/sun/prism/impl/ps/CachingShapeRepState$CacheEntry
Event: 13.660 loading class com/sun/prism/impl/ps/CachingShapeRepState$CacheEntry done
Event: 13.661 loading class com/sun/prism/impl/ps/CachingShapeRepState$MaskTexData
Event: 13.661 loading class com/sun/prism/impl/ps/CachingShapeRepState$MaskTexData done
Event: 13.661 loading class com/sun/prism/impl/ps/CachingShapeRepState$CSRDisposerRecord
Event: 13.661 loading class com/sun/prism/impl/ps/CachingShapeRepState$CSRDisposerRecord done


Dynamic libraries:
0x00007fff40594000 	/System/Library/Frameworks/Cocoa.framework/Versions/A/Cocoa
0x00007fff4c83e000 	/System/Library/Frameworks/Security.framework/Versions/A/Security
0x00007fff3f19e000 	/System/Library/Frameworks/ApplicationServices.framework/Versions/A/ApplicationServices
0x00007fff6ddd1000 	/usr/lib/libz.1.dylib
0x00007fff6b448000 	/usr/lib/libSystem.B.dylib
0x00007fff6ceee000 	/usr/lib/libobjc.A.dylib
0x00007fff40db7000 	/System/Library/Frameworks/CoreFoundation.framework/Versions/A/CoreFoundation
0x00007fff4313c000 	/System/Library/Frameworks/Foundation.framework/Versions/C/Foundation
0x00007fff3e32c000 	/System/Library/Frameworks/AppKit.framework/Versions/C/AppKit
0x00007fff4092b000 	/System/Library/Frameworks/CoreData.framework/Versions/A/CoreData
0x00007fff6462e000 	/System/Library/PrivateFrameworks/RemoteViewServices.framework/Versions/A/RemoteViewServices
0x00007fff6911d000 	/System/Library/PrivateFrameworks/UIFoundation.framework/Versions/A/UIFoundation
0x00007fff6a8cf000 	/System/Library/PrivateFrameworks/XCTTargetBootstrap.framework/Versions/A/XCTTargetBootstrap
0x00007fff5f140000 	/System/Library/PrivateFrameworks/IconServices.framework/Versions/A/IconServices
0x00007fff459f7000 	/System/Library/Frameworks/Metal.framework/Versions/A/Metal
0x00007fff5634a000 	/System/Library/PrivateFrameworks/DesktopServicesPriv.framework/Versions/A/DesktopServicesPriv
0x00007fff6c202000 	/usr/lib/libenergytrace.dylib
0x00007fff66e92000 	/System/Library/PrivateFrameworks/SkyLight.framework/Versions/A/SkyLight
0x00007fff41206000 	/System/Library/Frameworks/CoreGraphics.framework/Versions/A/CoreGraphics
0x00007fff3d0e7000 	/System/Library/Frameworks/Accelerate.framework/Versions/A/Accelerate
0x00007fff438c5000 	/System/Library/Frameworks/IOSurface.framework/Versions/A/IOSurface
0x00007fff561ac000 	/System/Library/PrivateFrameworks/DFRFoundation.framework/Versions/A/DFRFoundation
0x00007fff3f6a3000 	/System/Library/Frameworks/AudioToolbox.framework/Versions/A/AudioToolbox
0x00007fff3f941000 	/System/Library/Frameworks/AudioUnit.framework/Versions/A/AudioUnit
0x00007fff56243000 	/System/Library/PrivateFrameworks/DataDetectorsCore.framework/Versions/A/DataDetectorsCore
0x00007fff40080000 	/System/Library/Frameworks/Carbon.framework/Versions/A/Frameworks/HIToolbox.framework/Versions/A/HIToolbox
0x00007fff6c35d000 	/usr/lib/libicucore.A.dylib
0x00007fff4bd98000 	/System/Library/Frameworks/QuartzCore.framework/Versions/A/QuartzCore
0x00007fff40467000 	/System/Library/Frameworks/Carbon.framework/Versions/A/Frameworks/SpeechRecognition.framework/Versions/A/SpeechRecognition
0x00007fff6b5ab000 	/usr/lib/libauto.dylib
0x00007fff6dcc4000 	/usr/lib/libxml2.2.dylib
0x00007fff55dab000 	/System/Library/PrivateFrameworks/CoreUI.framework/Versions/A/CoreUI
0x00007fff40809000 	/System/Library/Frameworks/CoreAudio.framework/Versions/A/CoreAudio
0x00007fff42f6e000 	/System/Library/Frameworks/DiskArbitration.framework/Versions/A/DiskArbitration
0x00007fff6c60d000 	/usr/lib/liblangid.dylib
0x00007fff605ec000 	/System/Library/PrivateFrameworks/MultitouchSupport.framework/Versions/A/MultitouchSupport
0x00007fff43831000 	/System/Library/Frameworks/IOKit.framework/Versions/A/IOKit
0x00007fff6b096000 	/usr/lib/libDiagnosticMessagesClient.dylib
0x00007fff42074000 	/System/Library/Frameworks/CoreServices.framework/Versions/A/CoreServices
0x00007fff6231b000 	/System/Library/PrivateFrameworks/PerformanceAnalysis.framework/Versions/A/PerformanceAnalysis
0x00007fff4af2d000 	/System/Library/Frameworks/OpenGL.framework/Versions/A/OpenGL
0x00007fff405a2000 	/System/Library/Frameworks/ColorSync.framework/Versions/A/ColorSync
0x00007fff41895000 	/System/Library/Frameworks/CoreImage.framework/Versions/A/CoreImage
0x00007fff42ab7000 	/System/Library/Frameworks/CoreText.framework/Versions/A/CoreText
0x00007fff43926000 	/System/Library/Frameworks/ImageIO.framework/Versions/A/ImageIO
0x00007fff52404000 	/System/Library/PrivateFrameworks/Backup.framework/Versions/A/Backup
0x00007fff6b4fe000 	/usr/lib/libarchive.2.dylib
0x00007fff3fca5000 	/System/Library/Frameworks/CFNetwork.framework/Versions/A/CFNetwork
0x00007fff4cfe7000 	/System/Library/Frameworks/SystemConfiguration.framework/Versions/A/SystemConfiguration
0x00007fff6afbf000 	/usr/lib/libCRFSuite.dylib
0x00007fff6b6a2000 	/usr/lib/libc++.1.dylib
0x00007fff6b6fa000 	/usr/lib/libc++abi.dylib
0x00007fff6de54000 	/usr/lib/system/libcache.dylib
0x00007fff6de59000 	/usr/lib/system/libcommonCrypto.dylib
0x00007fff6de64000 	/usr/lib/system/libcompiler_rt.dylib
0x00007fff6de6c000 	/usr/lib/system/libcopyfile.dylib
0x00007fff6de76000 	/usr/lib/system/libcorecrypto.dylib
0x00007fff6df81000 	/usr/lib/system/libdispatch.dylib
0x00007fff6dfbc000 	/usr/lib/system/libdyld.dylib
0x00007fff6dfec000 	/usr/lib/system/libkeymgr.dylib
0x00007fff6dffa000 	/usr/lib/system/liblaunch.dylib
0x00007fff6dffb000 	/usr/lib/system/libmacho.dylib
0x00007fff6e001000 	/usr/lib/system/libquarantine.dylib
0x00007fff6e004000 	/usr/lib/system/libremovefile.dylib
0x00007fff6e006000 	/usr/lib/system/libsystem_asl.dylib
0x00007fff6e01e000 	/usr/lib/system/libsystem_blocks.dylib
0x00007fff6e01f000 	/usr/lib/system/libsystem_c.dylib
0x00007fff6e0a8000 	/usr/lib/system/libsystem_configuration.dylib
0x00007fff6e0ac000 	/usr/lib/system/libsystem_coreservices.dylib
0x00007fff6e0b0000 	/usr/lib/system/libsystem_darwin.dylib
0x00007fff6e0b7000 	/usr/lib/system/libsystem_dnssd.dylib
0x00007fff6e0be000 	/usr/lib/system/libsystem_info.dylib
0x00007fff6e133000 	/usr/lib/system/libsystem_m.dylib
0x00007fff6e17f000 	/usr/lib/system/libsystem_malloc.dylib
0x00007fff6e1a4000 	/usr/lib/system/libsystem_networkextension.dylib
0x00007fff6e1b0000 	/usr/lib/system/libsystem_notify.dylib
0x00007fff6e1cd000 	/usr/lib/system/libsystem_sandbox.dylib
0x00007fff6e1d1000 	/usr/lib/system/libsystem_secinit.dylib
0x00007fff6e10b000 	/usr/lib/system/libsystem_kernel.dylib
0x00007fff6e1b8000 	/usr/lib/system/libsystem_platform.dylib
0x00007fff6e1c2000 	/usr/lib/system/libsystem_pthread.dylib
0x00007fff6e1d4000 	/usr/lib/system/libsystem_symptoms.dylib
0x00007fff6e1dc000 	/usr/lib/system/libsystem_trace.dylib
0x00007fff6e1f3000 	/usr/lib/system/libunwind.dylib
0x00007fff6e1f9000 	/usr/lib/system/libxpc.dylib
0x00007fff6b682000 	/usr/lib/libbsm.0.dylib
0x00007fff6dfed000 	/usr/lib/system/libkxld.dylib
0x00007fff516b2000 	/System/Library/PrivateFrameworks/AppleFSCompression.framework/Versions/A/AppleFSCompression
0x00007fff6b307000 	/usr/lib/libOpenScriptingUtil.dylib
0x00007fff6b9e5000 	/usr/lib/libcoretls.dylib
0x00007fff6b9fc000 	/usr/lib/libcoretls_cfhelpers.dylib
0x00007fff6d687000 	/usr/lib/libpam.2.dylib
0x00007fff6d84a000 	/usr/lib/libsqlite3.dylib
0x00007fff6dcb2000 	/usr/lib/libxar.1.dylib
0x00007fff6b693000 	/usr/lib/libbz2.1.0.dylib
0x00007fff6c60f000 	/usr/lib/liblzma.5.dylib
0x00007fff6cb05000 	/usr/lib/libnetwork.dylib
0x00007fff6b4e7000 	/usr/lib/libapple_nghttp2.dylib
0x00007fff6d68e000 	/usr/lib/libpcap.A.dylib
0x00007fff42418000 	/System/Library/Frameworks/CoreServices.framework/Versions/A/Frameworks/FSEvents.framework/Versions/A/FSEvents
0x00007fff420f4000 	/System/Library/Frameworks/CoreServices.framework/Versions/A/Frameworks/CarbonCore.framework/Versions/A/CarbonCore
0x00007fff425ed000 	/System/Library/Frameworks/CoreServices.framework/Versions/A/Frameworks/Metadata.framework/Versions/A/Metadata
0x00007fff42690000 	/System/Library/Frameworks/CoreServices.framework/Versions/A/Frameworks/OSServices.framework/Versions/A/OSServices
0x00007fff426dc000 	/System/Library/Frameworks/CoreServices.framework/Versions/A/Frameworks/SearchKit.framework/Versions/A/SearchKit
0x00007fff42075000 	/System/Library/Frameworks/CoreServices.framework/Versions/A/Frameworks/AE.framework/Versions/A/AE
0x00007fff42421000 	/System/Library/Frameworks/CoreServices.framework/Versions/A/Frameworks/LaunchServices.framework/Versions/A/LaunchServices
0x00007fff423cd000 	/System/Library/Frameworks/CoreServices.framework/Versions/A/Frameworks/DictionaryServices.framework/Versions/A/DictionaryServices
0x00007fff4274b000 	/System/Library/Frameworks/CoreServices.framework/Versions/A/Frameworks/SharedFileList.framework/Versions/A/SharedFileList
0x00007fff46ebe000 	/System/Library/Frameworks/NetFS.framework/Versions/A/NetFS
0x00007fff60889000 	/System/Library/PrivateFrameworks/NetAuth.framework/Versions/A/NetAuth
0x00007fff6ad03000 	/System/Library/PrivateFrameworks/login.framework/Versions/A/Frameworks/loginsupport.framework/Versions/A/loginsupport
0x00007fff68d16000 	/System/Library/PrivateFrameworks/TCC.framework/Versions/A/TCC
0x00007fff553ce000 	/System/Library/PrivateFrameworks/CoreNLP.framework/Versions/A/CoreNLP
0x00007fff602de000 	/System/Library/PrivateFrameworks/MetadataUtilities.framework/Versions/A/MetadataUtilities
0x00007fff6c6f0000 	/usr/lib/libmecabra.dylib
0x00007fff3f19f000 	/System/Library/Frameworks/ApplicationServices.framework/Versions/A/Frameworks/ATS.framework/Versions/A/ATS
0x00007fff3f50a000 	/System/Library/Frameworks/ApplicationServices.framework/Versions/A/Frameworks/ColorSyncLegacy.framework/Versions/A/ColorSyncLegacy
0x00007fff3f5ab000 	/System/Library/Frameworks/ApplicationServices.framework/Versions/A/Frameworks/HIServices.framework/Versions/A/HIServices
0x00007fff3f5fe000 	/System/Library/Frameworks/ApplicationServices.framework/Versions/A/Frameworks/LangAnalysis.framework/Versions/A/LangAnalysis
0x00007fff3f60d000 	/System/Library/Frameworks/ApplicationServices.framework/Versions/A/Frameworks/PrintCore.framework/Versions/A/PrintCore
0x00007fff3f65a000 	/System/Library/Frameworks/ApplicationServices.framework/Versions/A/Frameworks/QD.framework/Versions/A/QD
0x00007fff3f696000 	/System/Library/Frameworks/ApplicationServices.framework/Versions/A/Frameworks/SpeechSynthesis.framework/Versions/A/SpeechSynthesis
0x00007fff6b722000 	/usr/lib/libcompression.dylib
0x00007fff40ccd000 	/System/Library/Frameworks/CoreDisplay.framework/Versions/A/CoreDisplay
0x00007fff45cbf000 	/System/Library/Frameworks/MetalPerformanceShaders.framework/Versions/A/MetalPerformanceShaders
0x00007fff3d0ff000 	/System/Library/Frameworks/Accelerate.framework/Versions/A/Frameworks/vImage.framework/Versions/A/vImage
0x00007fff3e17b000 	/System/Library/Frameworks/Accelerate.framework/Versions/A/Frameworks/vecLib.framework/Versions/A/vecLib
0x00007fff3e0c5000 	/System/Library/Frameworks/Accelerate.framework/Versions/A/Frameworks/vecLib.framework/Versions/A/libvMisc.dylib
0x00007fff3dee0000 	/System/Library/Frameworks/Accelerate.framework/Versions/A/Frameworks/vecLib.framework/Versions/A/libvDSP.dylib
0x00007fff3d7a0000 	/System/Library/Frameworks/Accelerate.framework/Versions/A/Frameworks/vecLib.framework/Versions/A/libBLAS.dylib
0x00007fff3da8b000 	/System/Library/Frameworks/Accelerate.framework/Versions/A/Frameworks/vecLib.framework/Versions/A/libLAPACK.dylib
0x00007fff3de32000 	/System/Library/Frameworks/Accelerate.framework/Versions/A/Frameworks/vecLib.framework/Versions/A/libLinearAlgebra.dylib
0x00007fff3decc000 	/System/Library/Frameworks/Accelerate.framework/Versions/A/Frameworks/vecLib.framework/Versions/A/libSparseBLAS.dylib
0x00007fff3de48000 	/System/Library/Frameworks/Accelerate.framework/Versions/A/Frameworks/vecLib.framework/Versions/A/libQuadrature.dylib
0x00007fff3da18000 	/System/Library/Frameworks/Accelerate.framework/Versions/A/Frameworks/vecLib.framework/Versions/A/libBNNS.dylib
0x00007fff3de4e000 	/System/Library/Frameworks/Accelerate.framework/Versions/A/Frameworks/vecLib.framework/Versions/A/libSparse.dylib
0x00007fff5c8db000 	/System/Library/PrivateFrameworks/GPUWrangler.framework/Versions/A/GPUWrangler
0x00007fff5ed07000 	/System/Library/PrivateFrameworks/IOAccelerator.framework/Versions/A/IOAccelerator
0x00007fff5ed12000 	/System/Library/PrivateFrameworks/IOPresentment.framework/Versions/A/IOPresentment
0x00007fff561bc000 	/System/Library/PrivateFrameworks/DSExternalDisplay.framework/Versions/A/DSExternalDisplay
0x00007fff4a372000 	/System/Library/Frameworks/OpenGL.framework/Versions/A/Libraries/libCoreFSCache.dylib
0x00007fff45aa7000 	/System/Library/Frameworks/MetalPerformanceShaders.framework/Frameworks/MPSCore.framework/Versions/A/MPSCore
0x00007fff45ac8000 	/System/Library/Frameworks/MetalPerformanceShaders.framework/Frameworks/MPSImage.framework/Versions/A/MPSImage
0x00007fff45b70000 	/System/Library/Frameworks/MetalPerformanceShaders.framework/Frameworks/MPSNeuralNetwork.framework/Versions/A/MPSNeuralNetwork
0x00007fff45b47000 	/System/Library/Frameworks/MetalPerformanceShaders.framework/Frameworks/MPSMatrix.framework/Versions/A/MPSMatrix
0x00007fff45ca3000 	/System/Library/Frameworks/MetalPerformanceShaders.framework/Frameworks/MPSRayIntersector.framework/Versions/A/MPSRayIntersector
0x00007fff60307000 	/System/Library/PrivateFrameworks/MetalTools.framework/Versions/A/MetalTools
0x00007fff50dad000 	/System/Library/PrivateFrameworks/AggregateDictionary.framework/Versions/A/AggregateDictionary
0x00007fff6b2e7000 	/usr/lib/libMobileGestalt.dylib
0x00007fff42c1d000 	/System/Library/Frameworks/CoreVideo.framework/Versions/A/CoreVideo
0x00007fff5d746000 	/System/Library/PrivateFrameworks/GraphVisualizer.framework/Versions/A/GraphVisualizer
0x00007fff574eb000 	/System/Library/PrivateFrameworks/FaceCore.framework/Versions/A/FaceCore
0x00007fff4998a000 	/System/Library/Frameworks/OpenCL.framework/Versions/A/OpenCL
0x00007fff6b0ce000 	/usr/lib/libFosl_dynamic.dylib
0x00007fff6115f000 	/System/Library/PrivateFrameworks/OTSVG.framework/Versions/A/OTSVG
0x00007fff3f2a3000 	/System/Library/Frameworks/ApplicationServices.framework/Versions/A/Frameworks/ATS.framework/Versions/A/Resources/libFontParser.dylib
0x00007fff3f3c3000 	/System/Library/Frameworks/ApplicationServices.framework/Versions/A/Frameworks/ATS.framework/Versions/A/Resources/libFontRegistry.dylib
0x00007fff43bb0000 	/System/Library/Frameworks/ImageIO.framework/Versions/A/Resources/libJPEG.dylib
0x00007fff43ed2000 	/System/Library/Frameworks/ImageIO.framework/Versions/A/Resources/libTIFF.dylib
0x00007fff43ea8000 	/System/Library/Frameworks/ImageIO.framework/Versions/A/Resources/libPng.dylib
0x00007fff43ac5000 	/System/Library/Frameworks/ImageIO.framework/Versions/A/Resources/libGIF.dylib
0x00007fff43aca000 	/System/Library/Frameworks/ImageIO.framework/Versions/A/Resources/libJP2.dylib
0x00007fff43ecf000 	/System/Library/Frameworks/ImageIO.framework/Versions/A/Resources/libRadiance.dylib
0x00007fff5180b000 	/System/Library/PrivateFrameworks/AppleJPEG.framework/Versions/A/AppleJPEG
0x00007fff4a37d000 	/System/Library/Frameworks/OpenGL.framework/Versions/A/Libraries/libGFXShared.dylib
0x00007fff4a540000 	/System/Library/Frameworks/OpenGL.framework/Versions/A/Libraries/libGLU.dylib
0x00007fff4a386000 	/System/Library/Frameworks/OpenGL.framework/Versions/A/Libraries/libGL.dylib
0x00007fff4a392000 	/System/Library/Frameworks/OpenGL.framework/Versions/A/Libraries/libGLImage.dylib
0x00007fff4a36f000 	/System/Library/Frameworks/OpenGL.framework/Versions/A/Libraries/libCVMSPluginSupport.dylib
0x00007fff4a378000 	/System/Library/Frameworks/OpenGL.framework/Versions/A/Libraries/libCoreVMClient.dylib
0x00007fff6c074000 	/usr/lib/libcups.2.dylib
0x00007fff44fbd000 	/System/Library/Frameworks/Kerberos.framework/Versions/A/Kerberos
0x00007fff4357b000 	/System/Library/Frameworks/GSS.framework/Versions/A/GSS
0x00007fff6d7de000 	/usr/lib/libresolv.9.dylib
0x00007fff6c26b000 	/usr/lib/libiconv.2.dylib
0x00007fff5d8a6000 	/System/Library/PrivateFrameworks/Heimdal.framework/Versions/A/Heimdal
0x00007fff6c23a000 	/usr/lib/libheimdal-asn1.dylib
0x00007fff49a00000 	/System/Library/Frameworks/OpenDirectory.framework/Versions/A/OpenDirectory
0x00007fff540c9000 	/System/Library/PrivateFrameworks/CommonAuth.framework/Versions/A/CommonAuth
0x00007fff499e3000 	/System/Library/Frameworks/OpenDirectory.framework/Versions/A/Frameworks/CFOpenDirectory.framework/Versions/A/CFOpenDirectory
0x00007fff4cb65000 	/System/Library/Frameworks/SecurityFoundation.framework/Versions/A/SecurityFoundation
0x00007fff502be000 	/System/Library/PrivateFrameworks/APFS.framework/Versions/A/APFS
0x00007fff6dcae000 	/usr/lib/libutil.dylib
0x00007fff6b710000 	/usr/lib/libcharset.1.dylib
0x00007fff51aa6000 	/System/Library/PrivateFrameworks/AppleSauce.framework/Versions/A/AppleSauce
0x00007fff51c34000 	/System/Library/PrivateFrameworks/AssertionServices.framework/Versions/A/AssertionServices
0x00007fff524a7000 	/System/Library/PrivateFrameworks/BaseBoard.framework/Versions/A/BaseBoard
0x00007fff6c63f000 	/usr/lib/libmecab.1.0.0.dylib
0x00007fff6c234000 	/usr/lib/libgermantok.dylib
0x00007fff6b4d3000 	/usr/lib/libThaiTokenizer.dylib
0x00007fff6affa000 	/usr/lib/libChineseTokenizer.dylib
0x00007fff5f43c000 	/System/Library/PrivateFrameworks/LanguageModeling.framework/Versions/A/LanguageModeling
0x00007fff54de4000 	/System/Library/PrivateFrameworks/CoreEmoji.framework/Versions/A/CoreEmoji
0x00007fff5f534000 	/System/Library/PrivateFrameworks/Lexicon.framework/Versions/A/Lexicon
0x00007fff5f57c000 	/System/Library/PrivateFrameworks/LinguisticData.framework/Versions/A/LinguisticData
0x00007fff6b711000 	/usr/lib/libcmph.dylib
0x00007fff4cc26000 	/System/Library/Frameworks/ServiceManagement.framework/Versions/A/ServiceManagement
0x00007fff523fa000 	/System/Library/PrivateFrameworks/BackgroundTaskManagement.framework/Versions/A/BackgroundTaskManagement
0x00007fff6dda8000 	/usr/lib/libxslt.1.dylib
0x00007fff40392000 	/System/Library/Frameworks/Carbon.framework/Versions/A/Frameworks/Ink.framework/Versions/A/Ink
0x00007fff68f95000 	/System/Library/PrivateFrameworks/TextureIO.framework/Versions/A/TextureIO
0x00007fff6b528000 	/usr/lib/libate.dylib
0x00007fff56118000 	/System/Library/PrivateFrameworks/CrashReporterSupport.framework/Versions/A/CrashReporterSupport
0x00007fff65fc1000 	/System/Library/PrivateFrameworks/Sharing.framework/Versions/A/Sharing
0x00007fff51f86000 	/System/Library/PrivateFrameworks/AuthKit.framework/Versions/A/AuthKit
0x00007fff513aa000 	/System/Library/PrivateFrameworks/Apple80211.framework/Versions/A/Apple80211
0x00007fff55ed8000 	/System/Library/PrivateFrameworks/CoreUtils.framework/Versions/A/CoreUtils
0x00007fff42c5b000 	/System/Library/Frameworks/CoreWLAN.framework/Versions/A/CoreWLAN
0x00007fff436c5000 	/System/Library/Frameworks/IOBluetooth.framework/Versions/A/IOBluetooth
0x00007fff642ea000 	/System/Library/PrivateFrameworks/ProtocolBuffer.framework/Versions/A/ProtocolBuffer
0x00007fff60543000 	/System/Library/PrivateFrameworks/MobileKeyBag.framework/Versions/A/MobileKeyBag
0x00007fff556fb000 	/System/Library/PrivateFrameworks/CorePhoneNumbers.framework/Versions/A/CorePhoneNumbers
0x00007fff517bf000 	/System/Library/PrivateFrameworks/AppleIDAuthSupport.framework/Versions/A/AppleIDAuthSupport
0x00007fff5f40e000 	/System/Library/PrivateFrameworks/KeychainCircle.framework/Versions/A/KeychainCircle
0x00007fff644b7000 	/System/Library/PrivateFrameworks/ROCKit.framework/Versions/A/ROCKit
0x00007fff560b4000 	/System/Library/PrivateFrameworks/CoreWiFi.framework/Versions/A/CoreWiFi
0x00007fff408ff000 	/System/Library/Frameworks/CoreBluetooth.framework/Versions/A/CoreBluetooth
0x00007fff56308000 	/System/Library/PrivateFrameworks/DebugSymbols.framework/Versions/A/DebugSymbols
0x00007fff55c8d000 	/System/Library/PrivateFrameworks/CoreSymbolication.framework/Versions/A/CoreSymbolication
0x00007fff68780000 	/System/Library/PrivateFrameworks/Symbolication.framework/Versions/A/Symbolication
0x00007fff67913000 	/System/Library/PrivateFrameworks/SpeechRecognitionCore.framework/Versions/A/SpeechRecognitionCore
0x000000010d800000 	/Library/Java/JavaVirtualMachines/jdk1.8.0_181.jdk/Contents/Home/jre/lib/server/libjvm.dylib
0x00007fff6db72000 	/usr/lib/libstdc++.6.dylib
0x000000010ce06000 	/Library/Java/JavaVirtualMachines/jdk1.8.0_181.jdk/Contents/Home/jre/lib/libverify.dylib
0x000000010ce14000 	/Library/Java/JavaVirtualMachines/jdk1.8.0_181.jdk/Contents/Home/jre/lib/libjava.dylib
0x000000010ce94000 	/Library/Java/JavaVirtualMachines/jdk1.8.0_181.jdk/Contents/Home/jre/lib/libzip.dylib
0x0000000121be2000 	/Library/Java/JavaVirtualMachines/jdk1.8.0_181.jdk/Contents/Home/jre/lib/libprism_es2.dylib
0x00007fff55892000 	/System/Library/PrivateFrameworks/CoreServicesInternal.framework/Versions/A/CoreServicesInternal
0x00007fff4af3d000 	/System/Library/Frameworks/OpenGL.framework/Versions/A/Resources/GLEngine.bundle/GLEngine
0x00007fff4a3cd000 	/System/Library/Frameworks/OpenGL.framework/Versions/A/Libraries/libGLProgrammability.dylib
0x00007fff38fd9000 	/System/Library/Extensions/AppleIntelHD5000GraphicsGLDriver.bundle/Contents/MacOS/AppleIntelHD5000GraphicsGLDriver
0x00007fff5c8cf000 	/System/Library/PrivateFrameworks/GPUSupport.framework/Versions/A/Libraries/libGPUSupportMercury.dylib
0x00007fff4b0d4000 	/System/Library/Frameworks/OpenGL.framework/Versions/A/Resources/GLRendererFloat.bundle/GLRendererFloat
0x00007fff49981000 	/System/Library/Frameworks/OpenCL.framework/Versions/A/Libraries/libcldcpuengine.dylib
0x00007fff6bb9c000 	/usr/lib/libcrypto.35.dylib
0x00007fff69116000 	/System/Library/PrivateFrameworks/TrustEvaluationAgent.framework/Versions/A/TrustEvaluationAgent
0x0000000122459000 	/Library/Java/JavaVirtualMachines/jdk1.8.0_181.jdk/Contents/Home/jre/lib/libglass.dylib
0x00007fff36c21000 	/System/Library/CoreServices/RawCamera.bundle/Contents/MacOS/RawCamera
0x00007fff603ae000 	/System/Library/PrivateFrameworks/MobileAsset.framework/Versions/A/MobileAsset
0x00007fff68004000 	/System/Library/PrivateFrameworks/StreamingZip.framework/Versions/A/StreamingZip
0x00007fff45358000 	/System/Library/Frameworks/MediaToolbox.framework/Versions/A/MediaToolbox
0x00007fff5496a000 	/System/Library/PrivateFrameworks/CoreAVCHD.framework/Versions/A/CoreAVCHD
0x00007fff45294000 	/System/Library/Frameworks/MediaAccessibility.framework/Versions/A/MediaAccessibility
0x00007fff5fde0000 	/System/Library/PrivateFrameworks/Mangrove.framework/Versions/A/Mangrove
0x00007fff41f0f000 	/System/Library/Frameworks/CoreMedia.framework/Versions/A/CoreMedia
0x00007fff4d2b8000 	/System/Library/Frameworks/VideoToolbox.framework/Versions/A/VideoToolbox
0x00007fff54592000 	/System/Library/PrivateFrameworks/CoreAUC.framework/Versions/A/CoreAUC
0x00007fff6d848000 	/usr/lib/libspindump.dylib
0x00007fff51b99000 	/System/Library/PrivateFrameworks/AppleVA.framework/Versions/A/AppleVA
0x00007fff3d0e8000 	/System/Library/Frameworks/Accelerate.framework/Versions/A/Frameworks/vImage.framework/Versions/A/Libraries/libCGInterfaces.dylib
0x00007fff5791d000 	/System/Library/PrivateFrameworks/FamilyControls.framework/Versions/A/FamilyControls
0x00007fff540bc000 	/System/Library/PrivateFrameworks/CommerceKit.framework/Versions/A/Frameworks/CommerceCore.framework/Versions/A/CommerceCore
0x00007fff68a69000 	/System/Library/PrivateFrameworks/SystemAdministration.framework/Versions/A/SystemAdministration
0x00007fff512a5000 	/System/Library/PrivateFrameworks/AppContainer.framework/Versions/A/AppContainer
0x00007fff512c2000 	/System/Library/PrivateFrameworks/AppSandbox.framework/Versions/A/AppSandbox
0x00007fff65e59000 	/System/Library/PrivateFrameworks/SecCodeWrapper.framework/Versions/A/SecCodeWrapper
0x00007fff6d7f8000 	/usr/lib/libsandbox.1.dylib
0x00007fff6b2b2000 	/usr/lib/libMatch.1.dylib
0x00007fff566a8000 	/System/Library/PrivateFrameworks/DiskManagement.framework/Versions/A/DiskManagement
0x00007fff42e81000 	/System/Library/Frameworks/DirectoryService.framework/Versions/A/DirectoryService
0x00007fff565d5000 	/System/Library/PrivateFrameworks/DiskImages.framework/Versions/A/DiskImages
0x00007fff5f67b000 	/System/Library/PrivateFrameworks/LoginUIKit.framework/Versions/A/Frameworks/LoginUICore.framework/Versions/A/LoginUICore
0x00007fff6b006000 	/usr/lib/libCoreStorage.dylib
0x00007fff6c060000 	/usr/lib/libcsfde.dylib
0x00007fff6d675000 	/usr/lib/libodfde.dylib
0x00007fff5ff01000 	/System/Library/PrivateFrameworks/MediaKit.framework/Versions/A/MediaKit
0x00007fff42e8d000 	/System/Library/Frameworks/DiscRecording.framework/Versions/A/DiscRecording
0x00007fff56815000 	/System/Library/PrivateFrameworks/EFILogin.framework/Versions/A/EFILogin
0x00007fff64292000 	/System/Library/PrivateFrameworks/ProtectedCloudStorage.framework/Versions/A/ProtectedCloudStorage
0x00007fff6c0f4000 	/usr/lib/libcurl.4.dylib
0x00007fff6bec7000 	/usr/lib/libcrypto.42.dylib
0x00007fff6db24000 	/usr/lib/libssl.44.dylib
0x00007fff44fd7000 	/System/Library/Frameworks/LDAP.framework/Versions/A/LDAP
0x00007fff6d835000 	/usr/lib/libsasl2.2.dylib
0x00007fff54bc9000 	/System/Library/PrivateFrameworks/CoreDaemon.framework/Versions/B/CoreDaemon
0x00007fff51aa1000 	/System/Library/PrivateFrameworks/AppleSRP.framework/Versions/A/AppleSRP
0x00007fff69fc6000 	/System/Library/PrivateFrameworks/ViewBridge.framework/Versions/A/ViewBridge
0x0000000121c9a000 	/Library/Java/JavaVirtualMachines/jdk1.8.0_181.jdk/Contents/Home/jre/lib/libjavafx_font.dylib
0x00007fff3f46d000 	/System/Library/Frameworks/ApplicationServices.framework/Versions/A/Frameworks/ATS.framework/Versions/A/Resources/libTrueTypeScaler.dylib
0x0000000125e92000 	/usr/lib/libobjc-trampolines.dylib
0x00007fff3951b000 	/System/Library/Extensions/AppleIntelHD5000GraphicsMTLDriver.bundle/Contents/MacOS/AppleIntelHD5000GraphicsMTLDriver
0x00007fff5b235000 	/System/Library/PrivateFrameworks/GPUCompiler.framework/Versions/3902/Libraries/libmetal_timestamp.dylib
0x0000000125f84000 	/Library/Java/JavaVirtualMachines/jdk1.8.0_181.jdk/Contents/Home/jre/lib/libprism_common.dylib
0x00007fff579eb000 	/System/Library/PrivateFrameworks/FinderKit.framework/Versions/A/FinderKit
0x00007fff4bc90000 	/System/Library/Frameworks/Quartz.framework/Versions/A/Frameworks/QuickLookUI.framework/Versions/A/QuickLookUI
0x00007fff4b409000 	/System/Library/Frameworks/Quartz.framework/Versions/A/Frameworks/ImageKit.framework/Versions/A/ImageKit
0x00007fff4bff1000 	/System/Library/Frameworks/QuickLook.framework/Versions/A/QuickLook
0x00007fff51b95000 	/System/Library/PrivateFrameworks/AppleSystemInfo.framework/Versions/A/AppleSystemInfo
0x00007fff438d0000 	/System/Library/Frameworks/ImageCaptureCore.framework/Versions/A/ImageCaptureCore
0x00007fff68044000 	/System/Library/PrivateFrameworks/Suggestions.framework/Versions/A/Suggestions
0x00007fff66113000 	/System/Library/PrivateFrameworks/SidecarUI.framework/Versions/A/SidecarUI
0x00007fff4c211000 	/System/Library/Frameworks/SafariServices.framework/Versions/A/SafariServices
0x00007fff6449c000 	/System/Library/PrivateFrameworks/QuickLookNonBaseSystem.framework/Versions/A/QuickLookNonBaseSystem
0x00007fff4b2be000 	/System/Library/Frameworks/QTKit.framework/Versions/A/QTKit
0x00007fff3cd1b000 	/System/Library/Frameworks/AVFoundation.framework/Versions/A/AVFoundation
0x00007fff5fe71000 	/System/Library/PrivateFrameworks/MarkupUI.framework/Versions/A/MarkupUI
0x00007fff4bd97000 	/System/Library/Frameworks/Quartz.framework/Versions/A/Quartz
0x00007fff5115b000 	/System/Library/PrivateFrameworks/AnnotationKit.framework/Versions/A/AnnotationKit
0x00007fff555c8000 	/System/Library/PrivateFrameworks/CorePDF.framework/Versions/A/CorePDF
0x00007fff4b752000 	/System/Library/Frameworks/Quartz.framework/Versions/A/Frameworks/QuartzComposer.framework/Versions/A/QuartzComposer
0x00007fff4b665000 	/System/Library/Frameworks/Quartz.framework/Versions/A/Frameworks/PDFKit.framework/Versions/A/PDFKit
0x00007fff4bc69000 	/System/Library/Frameworks/Quartz.framework/Versions/A/Frameworks/QuartzFilters.framework/Versions/A/QuartzFilters
0x00007fff44222000 	/System/Library/Frameworks/JavaScriptCore.framework/Versions/A/JavaScriptCore
0x00007fff4007b000 	/System/Library/Frameworks/Carbon.framework/Versions/A/Carbon
0x00007fff55275000 	/System/Library/PrivateFrameworks/CoreMediaAuthoring.framework/Versions/A/CoreMediaAuthoring
0x00007fff42011000 	/System/Library/Frameworks/CoreMediaIO.framework/Versions/A/CoreMediaIO
0x00007fff3cf0a000 	/System/Library/Frameworks/AVFoundation.framework/Versions/A/Frameworks/AVFAudio.framework/Versions/A/AVFAudio
0x00007fff5f29a000 	/System/Library/PrivateFrameworks/InternationalSupport.framework/Versions/A/InternationalSupport
0x00007fff6460f000 	/System/Library/PrivateFrameworks/RemoteServiceDiscovery.framework/Versions/A/RemoteServiceDiscovery
0x00007fff64652000 	/System/Library/PrivateFrameworks/RemoteXPC.framework/Versions/A/RemoteXPC
0x00007fff4007c000 	/System/Library/Frameworks/Carbon.framework/Versions/A/Frameworks/CommonPanels.framework/Versions/A/CommonPanels
0x00007fff40388000 	/System/Library/Frameworks/Carbon.framework/Versions/A/Frameworks/Help.framework/Versions/A/Help
0x00007fff4038c000 	/System/Library/Frameworks/Carbon.framework/Versions/A/Frameworks/ImageCapture.framework/Versions/A/ImageCapture
0x00007fff40427000 	/System/Library/Frameworks/Carbon.framework/Versions/A/Frameworks/OpenScripting.framework/Versions/A/OpenScripting
0x00007fff40462000 	/System/Library/Frameworks/Carbon.framework/Versions/A/Frameworks/Print.framework/Versions/A/Print
0x00007fff40464000 	/System/Library/Frameworks/Carbon.framework/Versions/A/Frameworks/SecurityHI.framework/Versions/A/SecurityHI
0x00007fff5676d000 	/System/Library/PrivateFrameworks/DisplayServices.framework/Versions/A/DisplayServices
0x00007fff644a0000 	/System/Library/PrivateFrameworks/QuickLookThumbnailing.framework/Versions/A/QuickLookThumbnailing
0x00007fff5cc90000 	/System/Library/PrivateFrameworks/GenerationalStorage.framework/Versions/A/GenerationalStorage
0x00007fff533bc000 	/System/Library/PrivateFrameworks/ChunkingLibrary.framework/Versions/A/ChunkingLibrary
0x00007fff54a33000 	/System/Library/PrivateFrameworks/CoreBrightness.framework/Versions/A/CoreBrightness
0x00007fff52521000 	/System/Library/PrivateFrameworks/BezelServices.framework/Versions/A/BezelServices
0x00007fff62214000 	/System/Library/PrivateFrameworks/PencilKit.framework/Versions/A/PencilKit
0x00007fff54fbe000 	/System/Library/PrivateFrameworks/CoreHandwriting.framework/Versions/A/CoreHandwriting
0x00007fff45a8c000 	/System/Library/Frameworks/MetalKit.framework/Versions/A/MetalKit
0x00007fff41ca0000 	/System/Library/Frameworks/CoreML.framework/Versions/A/CoreML
0x00007fff56ffd000 	/System/Library/PrivateFrameworks/Espresso.framework/Versions/A/Espresso
0x00007fff6056f000 	/System/Library/PrivateFrameworks/Montreal.framework/Versions/A/Montreal
0x00007fff3e1e2000 	/System/Library/Frameworks/AddressBook.framework/Versions/A/AddressBook
0x00007fff5441b000 	/System/Library/PrivateFrameworks/ContactsPersistence.framework/Versions/A/ContactsPersistence
0x00007fff50c35000 	/System/Library/PrivateFrameworks/AddressBookCore.framework/Versions/A/AddressBookCore
0x00007fff52cab000 	/System/Library/PrivateFrameworks/CalendarAgentLink.framework/Versions/A/CalendarAgentLink
0x00007fff543b0000 	/System/Library/PrivateFrameworks/ContactsFoundation.framework/Versions/A/ContactsFoundation
0x00007fff5f30b000 	/System/Library/PrivateFrameworks/IntlPreferences.framework/Versions/A/IntlPreferences
0x00007fff4cbf5000 	/System/Library/Frameworks/SecurityInterface.framework/Versions/A/SecurityInterface
0x00007fff690ba000 	/System/Library/PrivateFrameworks/ToneKit.framework/Versions/A/ToneKit
0x00007fff690d6000 	/System/Library/PrivateFrameworks/ToneLibrary.framework/Versions/A/ToneLibrary
0x00007fff6ad52000 	/System/Library/PrivateFrameworks/vCard.framework/Versions/A/vCard
0x00007fff3e17c000 	/System/Library/Frameworks/Accounts.framework/Versions/A/Accounts
0x00007fff62585000 	/System/Library/PrivateFrameworks/PhoneNumbers.framework/Versions/A/PhoneNumbers
0x00007fff6ad06000 	/System/Library/PrivateFrameworks/login.framework/Versions/A/login
0x00007fff51a80000 	/System/Library/PrivateFrameworks/ApplePushService.framework/Versions/A/ApplePushService
0x00007fff4066f000 	/System/Library/Frameworks/Contacts.framework/Versions/A/Contacts
0x00007fff540e6000 	/System/Library/PrivateFrameworks/CommonUtilities.framework/Versions/A/CommonUtilities
0x00007fff525a1000 	/System/Library/PrivateFrameworks/Bom.framework/Versions/A/Bom
0x00007fff51855000 	/System/Library/PrivateFrameworks/AppleLDAP.framework/Versions/A/AppleLDAP
0x00007fff66100000 	/System/Library/PrivateFrameworks/SidecarCore.framework/Versions/A/SidecarCore
0x00007fff534b1000 	/System/Library/PrivateFrameworks/CloudDocs.framework/Versions/A/CloudDocs
0x00007fff57946000 	/System/Library/PrivateFrameworks/FileProvider.framework/Versions/A/FileProvider
0x00007fff679dc000 	/System/Library/PrivateFrameworks/SpotlightIndex.framework/Versions/A/SpotlightIndex
0x00007fff6880e000 	/System/Library/PrivateFrameworks/SymptomDiagnosticReporter.framework/Versions/A/SymptomDiagnosticReporter
0x00007fff63e92000 	/System/Library/PrivateFrameworks/PowerLog.framework/Versions/A/PowerLog
0x00007fff549b9000 	/System/Library/PrivateFrameworks/CoreAnalytics.framework/Versions/A/CoreAnalytics
0x00007fff63e42000 	/System/Library/PrivateFrameworks/PlugInKit.framework/Versions/A/PlugInKit
0x00007fff4046e000 	/System/Library/Frameworks/CloudKit.framework/Versions/A/CloudKit
0x00007fff41bbf000 	/System/Library/Frameworks/CoreLocation.framework/Versions/A/CoreLocation
0x00007fff5ccce000 	/System/Library/PrivateFrameworks/GeoServices.framework/Versions/A/GeoServices
0x00007fff65fb4000 	/System/Library/PrivateFrameworks/SharePointManagement.framework/Versions/A/SharePointManagement
0x0000000127379000 	/System/Library/PrivateFrameworks/FileProvider.framework/OverrideBundles/CloudDocsFileProvider.bundle/Contents/MacOS/CloudDocsFileProvider
0x0000000127676000 	/System/Library/PrivateFrameworks/FileProvider.framework/OverrideBundles/FileProviderOverride.bundle/Contents/MacOS/FileProviderOverride
0x0000000130d70000 	/System/Library/PrivateFrameworks/FileProvider.framework/OverrideBundles/FinderSyncCollaborationFileProviderOverride.bundle/Contents/MacOS/FinderSyncCollaborationFileProviderOverride
0x0000000131631000 	/System/Library/Frameworks/Quartz.framework/Versions/A/Frameworks/QuickLookUI.framework/Versions/A/PlugIns/Text.qldisplay/Contents/MacOS/Text

VM Arguments:
jvm_args: -Dfile.encoding=UTF-8 
java_command: vue.ApplicationDemo
java_class_path (initial): /Users/yhua/Desktop/agile1/agile/target/classes:/Applications/Eclipse.app/Contents/Eclipse/plugins/org.junit_4.12.0.v201504281640/junit.jar:/Applications/Eclipse.app/Contents/Eclipse/plugins/org.hamcrest.core_1.3.0.v20180420-1519.jar:/Users/yhua/.m2/repository/dom4j/dom4j/1.6.1/dom4j-1.6.1.jar:/Users/yhua/.m2/repository/xml-apis/xml-apis/1.0.b2/xml-apis-1.0.b2.jar:/Users/yhua/.m2/repository/jdom/jdom/1.0/jdom-1.0.jar:/Users/yhua/.m2/repository/joda-time/joda-time/2.3/joda-time-2.3.jar:/Users/yhua/.m2/repository/com/itextpdf/itextpdf/5.5.10/itextpdf-5.5.10.jar:/Users/yhua/.m2/repository/org/apache/pdfbox/pdfbox/2.0.12/pdfbox-2.0.12.jar:/Users/yhua/.m2/repository/org/apache/pdfbox/fontbox/2.0.12/fontbox-2.0.12.jar:/Users/yhua/.m2/repository/commons-logging/commons-logging/1.2/commons-logging-1.2.jar
Launcher Type: SUN_STANDARD

Environment Variables:
PATH=/usr/bin:/bin:/usr/sbin:/sbin
SHELL=/bin/bash
DISPLAY=/private/tmp/com.apple.launchd.oa2yrlaZz5/org.macosforge.xquartz:0

Signal Handlers:
SIGSEGV: [libjvm.dylib+0x5b6029], sa_mask[0]=11111111011111110111111111111111, sa_flags=SA_ONSTACK|SA_RESTART|SA_SIGINFO
SIGBUS: [libjvm.dylib+0x5b6029], sa_mask[0]=11111111011111110111111111111111, sa_flags=SA_RESTART|SA_SIGINFO
SIGFPE: [libjvm.dylib+0x48b934], sa_mask[0]=11111111011111110111111111111111, sa_flags=SA_RESTART|SA_SIGINFO
SIGPIPE: [libjvm.dylib+0x48b934], sa_mask[0]=11111111011111110111111111111111, sa_flags=SA_RESTART|SA_SIGINFO
SIGXFSZ: [libjvm.dylib+0x48b934], sa_mask[0]=11111111011111110111111111111111, sa_flags=SA_RESTART|SA_SIGINFO
SIGILL: [libjvm.dylib+0x48b934], sa_mask[0]=11111111011111110111111111111111, sa_flags=SA_RESTART|SA_SIGINFO
SIGUSR1: SIG_DFL, sa_mask[0]=00000000000000000000000000000000, sa_flags=none
SIGUSR2: [libjvm.dylib+0x48b452], sa_mask[0]=00100000000000000000000000000000, sa_flags=SA_RESTART|SA_SIGINFO
SIGHUP: [libjvm.dylib+0x489a1d], sa_mask[0]=11111111011111110111111111111111, sa_flags=SA_RESTART|SA_SIGINFO
SIGINT: [libjvm.dylib+0x489a1d], sa_mask[0]=11111111011111110111111111111111, sa_flags=SA_RESTART|SA_SIGINFO
SIGTERM: [libjvm.dylib+0x489a1d], sa_mask[0]=11111111011111110111111111111111, sa_flags=SA_RESTART|SA_SIGINFO
SIGQUIT: [libjvm.dylib+0x489a1d], sa_mask[0]=11111111011111110111111111111111, sa_flags=SA_RESTART|SA_SIGINFO


---------------  S Y S T E M  ---------------

OS:Bsduname:Darwin 18.2.0 Darwin Kernel Version 18.2.0: Fri Oct  5 19:41:49 PDT 2018; root:xnu-4903.221.2~2/RELEASE_X86_64 x86_64
rlimit: STACK 8192k, CORE 0k, NPROC 709, NOFILE 10240, AS infinity
load average:2.07 2.44 2.51

CPU:total 4 (initial active 4) (2 cores per cpu, 2 threads per core) family 6 model 69 stepping 1, cmov, cx8, fxsr, mmx, sse, sse2, sse3, ssse3, sse4.1, sse4.2, popcnt, avx, avx2, aes, clmul, erms, lzcnt, ht, tsc, tscinvbit, bmi1, bmi2

Memory: 4k page, physical 4194304k(39476k free)

/proc/meminfo:


vm_info: Java HotSpot(TM) 64-Bit Server VM (25.181-b13) for bsd-amd64 JRE (1.8.0_181-b13), built on Jul  7 2018 01:02:31 by "java_re" with gcc 4.2.1 (Based on Apple Inc. build 5658) (LLVM build 2336.11.00)

time: Thu Dec 13 19:00:33 2018
elapsed time: 13 seconds (0d 0h 0m 13s)

